<?xml version="1.0" encoding="UTF-8"?>
<!-- Generated by org.testng.reporters.JUnitReportReporter -->
<testsuite hostname="DESKTOP-MRAEKV3" failures="0" tests="3" name="Testng.day1" time="0.010" errors="0" timestamp="2024-09-04T15:42:29 IST" skipped="0">
  <testcase classname="Testng.day1" name="alldata" time="0.005"/>
  <system-out/>
  <testcase classname="Testng.day1" name="alldata" time="0.003"/>
  <system-out/>
  <testcase classname="Testng.day1" name="alldata" time="0.002"/>
  <system-out/>
</testsuite> <!-- Testng.day1 -->
