<?xml version="1.0" encoding="UTF-8"?>
<!-- Generated by org.testng.reporters.JUnitReportReporter -->
<testsuite hostname="DESKTOP-MRAEKV3" failures="0" tests="1" name="Testng.Amazon" time="78.234" errors="0" timestamp="2024-09-04T19:49:47 IST" skipped="0">
  <testcase classname="Testng.Amazon" name="vishnu" time="78.234"/>
  <system-out/>
</testsuite> <!-- Testng.Amazon -->
